  laba24.cpp
C:\Users\imnot\Source\Repos\laba24\laba24\laba24.cpp(12,8): error C3873: "0xab": этот символ недопустим как первый символ идентификатора
C:\Users\imnot\Source\Repos\laba24\laba24\laba24.cpp(12,8): error C2146: синтаксическая ошибка: отсутствие ";" перед идентификатором "«"
C:\Users\imnot\Source\Repos\laba24\laba24\laba24.cpp(12,8): error C2065: «: необъявленный идентификатор
C:\Users\imnot\Source\Repos\laba24\laba24\laba24.cpp(12,11): error C2143: синтаксическая ошибка: отсутствие ";" перед "строка"
C:\Users\imnot\Source\Repos\laba24\laba24\laba24.cpp(13,7): error C3873: "0xbb": этот символ недопустим как первый символ идентификатора
C:\Users\imnot\Source\Repos\laba24\laba24\laba24.cpp(13,7): error C2146: синтаксическая ошибка: отсутствие ";" перед идентификатором "»"
C:\Users\imnot\Source\Repos\laba24\laba24\laba24.cpp(13,7): error C2065: »: необъявленный идентификатор
C:\Users\imnot\Source\Repos\laba24\laba24\laba24.cpp(13,10): error C2146: синтаксическая ошибка: отсутствие ";" перед идентификатором "mes"
C:\Users\imnot\Source\Repos\laba24\laba24\laba24.cpp(14,8): error C3873: "0xab": этот символ недопустим как первый символ идентификатора
C:\Users\imnot\Source\Repos\laba24\laba24\laba24.cpp(14,8): error C2146: синтаксическая ошибка: отсутствие ";" перед идентификатором "«"
C:\Users\imnot\Source\Repos\laba24\laba24\laba24.cpp(14,8): error C2065: «: необъявленный идентификатор
C:\Users\imnot\Source\Repos\laba24\laba24\laba24.cpp(14,11): error C2143: синтаксическая ошибка: отсутствие ";" перед "строка"
C:\Users\imnot\Source\Repos\laba24\laba24\laba24.cpp(14,30): error C3873: "0xab": этот символ недопустим как первый символ идентификатора
C:\Users\imnot\Source\Repos\laba24\laba24\laba24.cpp(14,30): error C2146: синтаксическая ошибка: отсутствие ";" перед идентификатором "«"
C:\Users\imnot\Source\Repos\laba24\laba24\laba24.cpp(14,37): error C3873: "0xab": этот символ недопустим как первый символ идентификатора
C:\Users\imnot\Source\Repos\laba24\laba24\laba24.cpp(14,30): error C2065: «: необъявленный идентификатор
C:\Users\imnot\Source\Repos\laba24\laba24\laba24.cpp(14,33): error C2146: синтаксическая ошибка: отсутствие ";" перед идентификатором "mes"
C:\Users\imnot\Source\Repos\laba24\laba24\laba24.cpp(14,37): error C2146: синтаксическая ошибка: отсутствие ";" перед идентификатором "«"
C:\Users\imnot\Source\Repos\laba24\laba24\laba24.cpp(14,37): error C2065: «: необъявленный идентификатор
C:\Users\imnot\Source\Repos\laba24\laba24\laba24.cpp(14,40): error C2143: синтаксическая ошибка: отсутствие ";" перед "строка"
C:\Users\imnot\Source\Repos\laba24\laba24\laba24.cpp(16,9): error C3873: "0xab": этот символ недопустим как первый символ идентификатора
C:\Users\imnot\Source\Repos\laba24\laba24\laba24.cpp(16,9): error C2146: синтаксическая ошибка: отсутствие ";" перед идентификатором "«"
C:\Users\imnot\Source\Repos\laba24\laba24\laba24.cpp(16,9): error C2065: «: необъявленный идентификатор
C:\Users\imnot\Source\Repos\laba24\laba24\laba24.cpp(16,12): error C2143: синтаксическая ошибка: отсутствие ";" перед "строка"
C:\Users\imnot\Source\Repos\laba24\laba24\laba24.cpp(35,7): error C3873: "0xab": этот символ недопустим как первый символ идентификатора
C:\Users\imnot\Source\Repos\laba24\laba24\laba24.cpp(35,7): error C2146: синтаксическая ошибка: отсутствие ";" перед идентификатором "«"
C:\Users\imnot\Source\Repos\laba24\laba24\laba24.cpp(35,7): error C2065: «: необъявленный идентификатор
C:\Users\imnot\Source\Repos\laba24\laba24\laba24.cpp(35,10): error C2143: синтаксическая ошибка: отсутствие ";" перед "строка"
C:\Users\imnot\Source\Repos\laba24\laba24\laba24.cpp(36,6): error C3873: "0xbb": этот символ недопустим как первый символ идентификатора
C:\Users\imnot\Source\Repos\laba24\laba24\laba24.cpp(36,6): error C2146: синтаксическая ошибка: отсутствие ";" перед идентификатором "»"
C:\Users\imnot\Source\Repos\laba24\laba24\laba24.cpp(36,6): error C2065: »: необъявленный идентификатор
C:\Users\imnot\Source\Repos\laba24\laba24\laba24.cpp(36,9): error C2146: синтаксическая ошибка: отсутствие ";" перед идентификатором "count"
C:\Users\imnot\Source\Repos\laba24\laba24\laba24.cpp(38,7): error C3873: "0xab": этот символ недопустим как первый символ идентификатора
C:\Users\imnot\Source\Repos\laba24\laba24\laba24.cpp(38,7): error C2146: синтаксическая ошибка: отсутствие ";" перед идентификатором "«"
C:\Users\imnot\Source\Repos\laba24\laba24\laba24.cpp(38,7): error C2065: «: необъявленный идентификатор
C:\Users\imnot\Source\Repos\laba24\laba24\laba24.cpp(38,10): error C2143: синтаксическая ошибка: отсутствие ";" перед "строка"
C:\Users\imnot\Source\Repos\laba24\laba24\laba24.cpp(38,28): error C3873: "0xab": этот символ недопустим как первый символ идентификатора
C:\Users\imnot\Source\Repos\laba24\laba24\laba24.cpp(38,28): error C2146: синтаксическая ошибка: отсутствие ";" перед идентификатором "«"
C:\Users\imnot\Source\Repos\laba24\laba24\laba24.cpp(38,37): error C3873: "0xab": этот символ недопустим как первый символ идентификатора
C:\Users\imnot\Source\Repos\laba24\laba24\laba24.cpp(38,28): error C2065: «: необъявленный идентификатор
C:\Users\imnot\Source\Repos\laba24\laba24\laba24.cpp(38,31): error C2146: синтаксическая ошибка: отсутствие ";" перед идентификатором "count"
C:\Users\imnot\Source\Repos\laba24\laba24\laba24.cpp(38,37): error C2146: синтаксическая ошибка: отсутствие ";" перед идентификатором "«"
C:\Users\imnot\Source\Repos\laba24\laba24\laba24.cpp(38,37): error C2065: «: необъявленный идентификатор
C:\Users\imnot\Source\Repos\laba24\laba24\laba24.cpp(38,40): error C2143: синтаксическая ошибка: отсутствие ";" перед "строка"
C:\Users\imnot\Source\Repos\laba24\laba24\laba24.cpp(52,8): error C3873: "0xab": этот символ недопустим как первый символ идентификатора
C:\Users\imnot\Source\Repos\laba24\laba24\laba24.cpp(52,8): error C2146: синтаксическая ошибка: отсутствие ";" перед идентификатором "«"
C:\Users\imnot\Source\Repos\laba24\laba24\laba24.cpp(52,8): error C2065: «: необъявленный идентификатор
C:\Users\imnot\Source\Repos\laba24\laba24\laba24.cpp(52,11): error C2143: синтаксическая ошибка: отсутствие ";" перед "строка"
C:\Users\imnot\Source\Repos\laba24\laba24\laba24.cpp(52,33): error C3873: "0xab": этот символ недопустим как первый символ идентификатора
C:\Users\imnot\Source\Repos\laba24\laba24\laba24.cpp(52,33): error C2146: синтаксическая ошибка: отсутствие ";" перед идентификатором "«"
C:\Users\imnot\Source\Repos\laba24\laba24\laba24.cpp(52,33): error C2065: «: необъявленный идентификатор
C:\Users\imnot\Source\Repos\laba24\laba24\laba24.cpp(52,36): error C2146: синтаксическая ошибка: отсутствие ";" перед идентификатором "i"
C:\Users\imnot\Source\Repos\laba24\laba24\laba24.cpp(52,42): error C3873: "0xab": этот символ недопустим как первый символ идентификатора
C:\Users\imnot\Source\Repos\laba24\laba24\laba24.cpp(52,42): error C2146: синтаксическая ошибка: отсутствие ";" перед идентификатором "«"
C:\Users\imnot\Source\Repos\laba24\laba24\laba24.cpp(52,38): warning C4552: "+": результат выражения не используется
C:\Users\imnot\Source\Repos\laba24\laba24\laba24.cpp(52,42): error C2065: «: необъявленный идентификатор
C:\Users\imnot\Source\Repos\laba24\laba24\laba24.cpp(52,45): error C2143: синтаксическая ошибка: отсутствие ";" перед "строка"
C:\Users\imnot\Source\Repos\laba24\laba24\laba24.cpp(55,7): error C3873: "0xab": этот символ недопустим как первый символ идентификатора
C:\Users\imnot\Source\Repos\laba24\laba24\laba24.cpp(55,7): error C2146: синтаксическая ошибка: отсутствие ";" перед идентификатором "«"
C:\Users\imnot\Source\Repos\laba24\laba24\laba24.cpp(55,7): error C2065: «: необъявленный идентификатор
C:\Users\imnot\Source\Repos\laba24\laba24\laba24.cpp(55,10): error C2143: синтаксическая ошибка: отсутствие ";" перед "строка"
